<?xml version="1.0" encoding="UTF-8"?>
<testsuite xmlns:xsi="http://www.w3.org/2001/XMLSchema-instance" xsi:noNamespaceSchemaLocation="https://maven.apache.org/surefire/maven-surefire-plugin/xsd/surefire-test-report.xsd" name="com.laerton.introjuint5.MathUtilTest" time="0.216" tests="10" errors="0" skipped="0" failures="0">
  <properties>
[...]
</properties>
  <testcase name="testMdcAPositivoP3" classname="com.laerton.introjuint5.MathUtilTest" time="0.09"/>
  <testcase name="testMdcP5" classname="com.laerton.introjuint5.MathUtilTest" time="0.009"/>
  <testcase name="testMdcP6" classname="com.laerton.introjuint5.MathUtilTest" time="0.004"/>
  <testcase name="testMdcAParP1" classname="com.laerton.introjuint5.MathUtilTest" time="0.002"/>
  <testcase name="testMdcMParP4" classname="com.laerton.introjuint5.MathUtilTest" time="0.005"/>
  <testcase name="testMdcP7TudoNegativo" classname="com.laerton.introjuint5.MathUtilTest" time="0.003"/>
  <testcase name="testMdcParesP2" classname="com.laerton.introjuint5.MathUtilTest" time="0.006"/>
  <testcase name="testMdcAImparP1" classname="com.laerton.introjuint5.MathUtilTest" time="0.004"/>
  <testcase name="testMdcP5Resultado1" classname="com.laerton.introjuint5.MathUtilTest" time="0.011"/>
  <testcase name="testMdcANegativoP3" classname="com.laerton.introjuint5.MathUtilTest" time="0.002"/>
</testsuite>